<?xml version="1.0" encoding="UTF-8"?>
<!-- Generated by org.testng.reporters.JUnitXMLReporter -->
<testsuite ignored="0" hostname="DESKTOP-A61E2P4" failures="0" tests="4" name="All tests" time="25.3" errors="0" timestamp="2022-07-19T04:14:09 EDT">
  <testcase classname="pageObjectTests.LoginTest" name="logInToAccount" time="3.228"/>
  <testcase classname="pageObjectTests.LogoutTest" name="logOutOfAccount" time="3.866"/>
  <testcase classname="pageObjectTests.LoginTest" name="logInToAccount_wrongUsername" time="1.58"/>
  <testcase classname="pageObjectTests.LoginTest" name="logInToAccount_wrongPassword" time="1.431"/>
</testsuite> <!-- All tests -->
