<?xml version="1.0" encoding="UTF-8"?>
<testng-results ignored="0" total="4" passed="4" failed="0" skipped="0">
  <reporter-output>
  </reporter-output>
  <suite started-at="2022-07-19T04:13:44 EDT" name="Test Suite" finished-at="2022-07-19T04:14:09 EDT" duration-ms="25300">
    <groups>
    </groups>
    <test started-at="2022-07-19T04:13:44 EDT" name="All tests" finished-at="2022-07-19T04:14:09 EDT" duration-ms="25300">
      <class name="pageObjectTests.LogoutTest">
        <test-method is-config="true" signature="startUp(java.lang.String)[pri:0, instance:pageObjectTests.LogoutTest@2cdd0d4b]" started-at="2022-07-19T04:13:44 EDT" name="startUp" finished-at="2022-07-19T04:13:54 EDT" duration-ms="9566" status="PASS">
          <params>
            <param index="0">
              <value>
                <![CDATA[chrome]]>
              </value>
            </param>
          </params>
          <reporter-output>
          </reporter-output>
        </test-method> <!-- startUp -->
        <test-method signature="logOutOfAccount()[pri:0, instance:pageObjectTests.LogoutTest@2cdd0d4b]" started-at="2022-07-19T04:13:54 EDT" name="logOutOfAccount" finished-at="2022-07-19T04:13:58 EDT" duration-ms="3866" status="PASS">
          <reporter-output>
          </reporter-output>
        </test-method> <!-- logOutOfAccount -->
        <test-method is-config="true" signature="tearDown(org.testng.ITestResult)[pri:0, instance:pageObjectTests.LogoutTest@2cdd0d4b]" started-at="2022-07-19T04:13:58 EDT" name="tearDown" finished-at="2022-07-19T04:14:01 EDT" duration-ms="2773" status="PASS">
          <params>
            <param index="0">
              <value>
                <![CDATA[[TestResult name=logOutOfAccount status=SUCCESS method=LogoutTest.logOutOfAccount()[pri:0, instance:pageObjectTests.LogoutTest@2cdd0d4b] output={null}]]]>
              </value>
            </param>
          </params>
          <reporter-output>
          </reporter-output>
        </test-method> <!-- tearDown -->
      </class> <!-- pageObjectTests.LogoutTest -->
      <class name="pageObjectTests.LoginTest">
        <test-method is-config="true" signature="startUp(java.lang.String)[pri:0, instance:pageObjectTests.LoginTest@f381794]" started-at="2022-07-19T04:13:44 EDT" name="startUp" finished-at="2022-07-19T04:13:54 EDT" duration-ms="9566" status="PASS">
          <params>
            <param index="0">
              <value>
                <![CDATA[chrome]]>
              </value>
            </param>
          </params>
          <reporter-output>
          </reporter-output>
        </test-method> <!-- startUp -->
        <test-method signature="logInToAccount()[pri:0, instance:pageObjectTests.LoginTest@f381794]" started-at="2022-07-19T04:13:54 EDT" name="logInToAccount" finished-at="2022-07-19T04:13:57 EDT" duration-ms="3228" status="PASS">
          <reporter-output>
          </reporter-output>
        </test-method> <!-- logInToAccount -->
        <test-method is-config="true" signature="tearDown(org.testng.ITestResult)[pri:0, instance:pageObjectTests.LoginTest@f381794]" started-at="2022-07-19T04:13:57 EDT" name="tearDown" finished-at="2022-07-19T04:13:59 EDT" duration-ms="1936" status="PASS">
          <params>
            <param index="0">
              <value>
                <![CDATA[[TestResult name=logInToAccount status=SUCCESS method=LoginTest.logInToAccount()[pri:0, instance:pageObjectTests.LoginTest@f381794] output={null}]]]>
              </value>
            </param>
          </params>
          <reporter-output>
          </reporter-output>
        </test-method> <!-- tearDown -->
        <test-method is-config="true" signature="startUp(java.lang.String)[pri:0, instance:pageObjectTests.LoginTest@f381794]" started-at="2022-07-19T04:13:59 EDT" name="startUp" finished-at="2022-07-19T04:14:03 EDT" duration-ms="3304" status="PASS">
          <params>
            <param index="0">
              <value>
                <![CDATA[chrome]]>
              </value>
            </param>
          </params>
          <reporter-output>
          </reporter-output>
        </test-method> <!-- startUp -->
        <test-method signature="logInToAccount_wrongUsername()[pri:0, instance:pageObjectTests.LoginTest@f381794]" started-at="2022-07-19T04:14:03 EDT" name="logInToAccount_wrongUsername" finished-at="2022-07-19T04:14:04 EDT" duration-ms="1580" status="PASS">
          <reporter-output>
          </reporter-output>
        </test-method> <!-- logInToAccount_wrongUsername -->
        <test-method is-config="true" signature="tearDown(org.testng.ITestResult)[pri:0, instance:pageObjectTests.LoginTest@f381794]" started-at="2022-07-19T04:14:04 EDT" name="tearDown" finished-at="2022-07-19T04:14:05 EDT" duration-ms="811" status="PASS">
          <params>
            <param index="0">
              <value>
                <![CDATA[[TestResult name=logInToAccount_wrongUsername status=SUCCESS method=LoginTest.logInToAccount_wrongUsername()[pri:0, instance:pageObjectTests.LoginTest@f381794] output={null}]]]>
              </value>
            </param>
          </params>
          <reporter-output>
          </reporter-output>
        </test-method> <!-- tearDown -->
        <test-method is-config="true" signature="startUp(java.lang.String)[pri:0, instance:pageObjectTests.LoginTest@f381794]" started-at="2022-07-19T04:14:05 EDT" name="startUp" finished-at="2022-07-19T04:14:07 EDT" duration-ms="2239" status="PASS">
          <params>
            <param index="0">
              <value>
                <![CDATA[chrome]]>
              </value>
            </param>
          </params>
          <reporter-output>
          </reporter-output>
        </test-method> <!-- startUp -->
        <test-method signature="logInToAccount_wrongPassword()[pri:0, instance:pageObjectTests.LoginTest@f381794]" started-at="2022-07-19T04:14:07 EDT" name="logInToAccount_wrongPassword" finished-at="2022-07-19T04:14:09 EDT" duration-ms="1431" status="PASS">
          <reporter-output>
          </reporter-output>
        </test-method> <!-- logInToAccount_wrongPassword -->
        <test-method is-config="true" signature="tearDown(org.testng.ITestResult)[pri:0, instance:pageObjectTests.LoginTest@f381794]" started-at="2022-07-19T04:14:09 EDT" name="tearDown" finished-at="2022-07-19T04:14:09 EDT" duration-ms="806" status="PASS">
          <params>
            <param index="0">
              <value>
                <![CDATA[[TestResult name=logInToAccount_wrongPassword status=SUCCESS method=LoginTest.logInToAccount_wrongPassword()[pri:0, instance:pageObjectTests.LoginTest@f381794] output={null}]]]>
              </value>
            </param>
          </params>
          <reporter-output>
          </reporter-output>
        </test-method> <!-- tearDown -->
      </class> <!-- pageObjectTests.LoginTest -->
    </test> <!-- All tests -->
  </suite> <!-- Test Suite -->
</testng-results>
